<?xml version="1.0" encoding="UTF-8" ?>
<testsuite failures="0" time="23.436" errors="0" skipped="0" tests="8" name="com.pongme.tests.TestRepository">
  <properties>
    <property name="java.runtime.name" value="Java(TM) SE Runtime Environment"/>
    <property name="sun.boot.library.path" value="/home/sam/tools/jdk1.6.0_30/jre/lib/amd64"/>
    <property name="java.vm.version" value="20.5-b03"/>
    <property name="java.vm.vendor" value="Sun Microsystems Inc."/>
    <property name="java.vendor.url" value="http://java.sun.com/"/>
    <property name="path.separator" value=":"/>
    <property name="guice.disable.misplaced.annotation.check" value="true"/>
    <property name="java.vm.name" value="Java HotSpot(TM) 64-Bit Server VM"/>
    <property name="file.encoding.pkg" value="sun.io"/>
    <property name="user.country" value="US"/>
    <property name="sun.java.launcher" value="SUN_STANDARD"/>
    <property name="sun.os.patch.level" value="unknown"/>
    <property name="java.vm.specification.name" value="Java Virtual Machine Specification"/>
    <property name="user.dir" value="/home/sam/code/sts-ws/pongme"/>
    <property name="java.runtime.version" value="1.6.0_30-b12"/>
    <property name="java.awt.graphicsenv" value="sun.awt.X11GraphicsEnvironment"/>
    <property name="java.endorsed.dirs" value="/home/sam/tools/jdk1.6.0_30/jre/lib/endorsed"/>
    <property name="os.arch" value="amd64"/>
    <property name="java.io.tmpdir" value="/tmp"/>
    <property name="line.separator" value="
"/>
    <property name="java.vm.specification.vendor" value="Sun Microsystems Inc."/>
    <property name="os.name" value="Linux"/>
    <property name="classworlds.conf" value="/home/sam/tools/springsource/apache-maven-3.0.3/bin/m2.conf"/>
    <property name="sun.jnu.encoding" value="UTF-8"/>
    <property name="java.library.path" value="/home/sam/tools/jdk1.6.0_30/jre/lib/amd64/server:/home/sam/tools/jdk1.6.0_30/jre/lib/amd64:/home/sam/tools/jdk1.6.0_30/jre/../lib/amd64:/usr/java/packages/lib/amd64:/usr/lib64:/lib64:/lib:/usr/lib"/>
    <property name="java.specification.name" value="Java Platform API Specification"/>
    <property name="java.class.version" value="50.0"/>
    <property name="sun.management.compiler" value="HotSpot 64-Bit Tiered Compilers"/>
    <property name="os.version" value="3.0.0-16-generic"/>
    <property name="user.home" value="/home/sam"/>
    <property name="user.timezone" value="Europe/Paris"/>
    <property name="java.awt.printerjob" value="sun.print.PSPrinterJob"/>
    <property name="file.encoding" value="UTF-8"/>
    <property name="java.specification.version" value="1.6"/>
    <property name="user.name" value="sam"/>
    <property name="java.class.path" value="/home/sam/tools/springsource/apache-maven-3.0.3/boot/plexus-classworlds-2.4.jar"/>
    <property name="java.vm.specification.version" value="1.0"/>
    <property name="sun.arch.data.model" value="64"/>
    <property name="java.home" value="/home/sam/tools/jdk1.6.0_30/jre"/>
    <property name="sun.java.command" value="org.codehaus.plexus.classworlds.launcher.Launcher clean install"/>
    <property name="java.specification.vendor" value="Sun Microsystems Inc."/>
    <property name="user.language" value="en"/>
    <property name="java.vm.info" value="mixed mode"/>
    <property name="java.version" value="1.6.0_30"/>
    <property name="java.ext.dirs" value="/home/sam/tools/jdk1.6.0_30/jre/lib/ext:/usr/java/packages/lib/ext"/>
    <property name="securerandom.source" value="file:/dev/./urandom"/>
    <property name="sun.boot.class.path" value="/home/sam/tools/jdk1.6.0_30/jre/lib/resources.jar:/home/sam/tools/jdk1.6.0_30/jre/lib/rt.jar:/home/sam/tools/jdk1.6.0_30/jre/lib/sunrsasign.jar:/home/sam/tools/jdk1.6.0_30/jre/lib/jsse.jar:/home/sam/tools/jdk1.6.0_30/jre/lib/jce.jar:/home/sam/tools/jdk1.6.0_30/jre/lib/charsets.jar:/home/sam/tools/jdk1.6.0_30/jre/lib/modules/jdk.boot.jar:/home/sam/tools/jdk1.6.0_30/jre/classes"/>
    <property name="java.vendor" value="Sun Microsystems Inc."/>
    <property name="maven.home" value="/home/sam/tools/springsource/apache-maven-3.0.3"/>
    <property name="file.separator" value="/"/>
    <property name="java.vendor.url.bug" value="http://java.sun.com/cgi-bin/bugreport.cgi"/>
    <property name="sun.cpu.endian" value="little"/>
    <property name="sun.io.unicode.encoding" value="UnicodeLittle"/>
    <property name="sun.desktop" value="gnome"/>
    <property name="sun.cpu.isalist" value=""/>
  </properties>
  <testcase time="6.964" classname="com.pongme.tests.TestRepository" name="should_connect_to_mongo"/>
  <testcase time="0" classname="com.pongme.tests.TestRepository" name="should_exist_a_database_named_pongme"/>
  <testcase time="0" classname="com.pongme.tests.TestRepository" name="should_exist_adequate_collections_in_pongmeDB"/>
  <testcase time="0" classname="com.pongme.tests.TestRepository" name="should_repository_not_be_null"/>
  <testcase time="11.459" classname="com.pongme.tests.TestRepository" name="should_find_the_document_by_its_title"/>
  <testcase time="1.219" classname="com.pongme.tests.TestRepository" name="should_find_all_items_incategory_arbre_is_size_32"/>
  <testcase time="0.631" classname="com.pongme.tests.TestRepository" name="should_given_point_in_neighborhood"/>
  <testcase time="0.111" classname="com.pongme.tests.TestRepository" name="should_given_point_in_neighborhood_with_given_category"/>
</testsuite>